<?xml version="1.0" encoding="UTF-8"?>
<!-- Generated by org.testng.reporters.JUnitXMLReporter -->
<testsuite ignored="0" hostname="MacBook-Air.local" failures="0" tests="4" name="StandAloneTest" time="98.521" errors="0" timestamp="2024-06-20T10:55:35 IST">
  <testcase classname="practiceProject.frameworkDesign.SubmitOrder" name="submitOrder" time="26.119"/>
  <testcase classname="practiceProject.frameworkDesign.SubmitOrder" name="submitOrder" time="25.236"/>
  <testcase classname="practiceProject.frameworkDesign.SubmitOrder" name="orderConfirmation" time="1.55"/>
  <testcase classname="practiceProject.frameworkDesign.SubmitOrder" name="orderConfirmation" time="1.495"/>
</testsuite> <!-- StandAloneTest -->
